<?xml version="1.0" encoding="UTF-8"?>
<testng-results skipped="0" failed="0" ignored="0" total="2" passed="2">
  <reporter-output>
  </reporter-output>
  <suite name="Default suite" duration-ms="32416" started-at="2019-01-21T11:24:43Z" finished-at="2019-01-21T11:25:15Z">
    <groups>
    </groups>
    <test name="Default test" duration-ms="32416" started-at="2019-01-21T11:24:43Z" finished-at="2019-01-21T11:25:15Z">
      <class name="com.training.sanity.tests.ChatWithMemberTest">
        <test-method status="PASS" signature="setUp()[pri:0, instance:com.training.sanity.tests.ChatWithMemberTest@66a3ffec]" name="setUp" is-config="true" duration-ms="10699" started-at="2019-01-21T11:24:43Z" finished-at="2019-01-21T11:24:53Z">
          <reporter-output>
          </reporter-output>
        </test-method> <!-- setUp -->
        <test-method status="PASS" signature="studentLogin()[pri:1, instance:com.training.sanity.tests.ChatWithMemberTest@66a3ffec]" name="studentLogin" duration-ms="3636" started-at="2019-01-21T11:24:53Z" finished-at="2019-01-21T11:24:57Z">
          <reporter-output>
          </reporter-output>
        </test-method> <!-- studentLogin -->
        <test-method status="PASS" signature="sendMessage()[pri:2, instance:com.training.sanity.tests.ChatWithMemberTest@66a3ffec]" name="sendMessage" duration-ms="16314" started-at="2019-01-21T11:24:57Z" depends-on-methods="com.training.sanity.tests.ChatWithMemberTest.studentLogin" finished-at="2019-01-21T11:25:13Z">
          <reporter-output>
          </reporter-output>
        </test-method> <!-- sendMessage -->
        <test-method status="PASS" signature="tearDown()[pri:0, instance:com.training.sanity.tests.ChatWithMemberTest@66a3ffec]" name="tearDown" is-config="true" duration-ms="1738" started-at="2019-01-21T11:25:13Z" finished-at="2019-01-21T11:25:15Z">
          <reporter-output>
          </reporter-output>
        </test-method> <!-- tearDown -->
      </class> <!-- com.training.sanity.tests.ChatWithMemberTest -->
    </test> <!-- Default test -->
  </suite> <!-- Default suite -->
</testng-results>
