<?xml version="1.0" encoding="UTF-8"?>
<!-- Generated by org.testng.reporters.JUnitXMLReporter -->
<testsuite hostname="DESKTOP-CV1K4J5" ignored="0" name="Default test" tests="2" failures="0" timestamp="21 Jan 2019 06:34:56 GMT" time="46.056" errors="0">
  <testcase name="studentLogin" time="3.576" classname="com.training.sanity.tests.CreateThreadTest"/>
  <testcase name="uploadAssignment" time="33.173" classname="com.training.sanity.tests.CreateThreadTest"/>
</testsuite> <!-- Default test -->
