<?xml version="1.0" encoding="UTF-8"?>
<!-- Generated by org.testng.reporters.JUnitXMLReporter -->
<testsuite hostname="DESKTOP-CV1K4J5" ignored="0" name="Default test" tests="2" failures="0" timestamp="21 Jan 2019 11:25:15 GMT" time="32.416" errors="0">
  <testcase name="studentLogin" time="3.636" classname="com.training.sanity.tests.ChatWithMemberTest"/>
  <testcase name="sendMessage" time="16.314" classname="com.training.sanity.tests.ChatWithMemberTest"/>
</testsuite> <!-- Default test -->
