<?xml version="1.0" encoding="UTF-8"?>
<!-- Generated by org.testng.reporters.JUnitXMLReporter -->
<testsuite hostname="DESKTOP-CV1K4J5" ignored="0" name="SampleTest1" tests="1" failures="1" timestamp="22 Jan 2019 11:23:56 GMT" time="18.869" errors="0">
  <testcase name="studentLogout" time="8.896" classname="com.training.sanity.tests.StudentLogoutTest">
    <failure type="java.lang.NullPointerException">
      <![CDATA[java.lang.NullPointerException
at org.openqa.selenium.support.pagefactory.internal.LocatingElementHandler.invoke(LocatingElementHandler.java:51)
at com.sun.proxy.$Proxy10.click(Unknown Source)
at com.training.pom.StudentLogoutPOM.clickLogout(StudentLogoutPOM.java:49)
at com.training.sanity.tests.StudentLogoutTest.studentLogout(StudentLogoutTest.java:63)
at java.util.concurrent.FutureTask.run(FutureTask.java:266)
at java.util.concurrent.ThreadPoolExecutor.runWorker(ThreadPoolExecutor.java:1149)
at java.util.concurrent.ThreadPoolExecutor$Worker.run(ThreadPoolExecutor.java:624)
at java.lang.Thread.run(Thread.java:748)
... Removed 20 stack frames]]>
    </failure>
  </testcase> <!-- studentLogout -->
</testsuite> <!-- SampleTest1 -->
